<?xml version="1.0" encoding="UTF-8"?>
<testng-results skipped="0" failed="0" ignored="0" total="1" passed="1">
  <reporter-output>
  </reporter-output>
  <suite name="Default suite" duration-ms="5682" started-at="2019-09-09T18:40:13Z" finished-at="2019-09-09T18:40:19Z">
    <groups>
    </groups>
    <test name="Default test" duration-ms="5682" started-at="2019-09-09T18:40:13Z" finished-at="2019-09-09T18:40:19Z">
      <class name="alertJavaScript.AcceptAlert">
        <test-method status="PASS" signature="CheckAlert()[pri:0, instance:alertJavaScript.AcceptAlert@6574b225]" name="CheckAlert" duration-ms="5666" started-at="2019-09-10T00:10:13Z" finished-at="2019-09-10T00:10:19Z">
          <reporter-output>
          </reporter-output>
        </test-method> <!-- CheckAlert -->
      </class> <!-- alertJavaScript.AcceptAlert -->
    </test> <!-- Default test -->
  </suite> <!-- Default suite -->
</testng-results>
